{"/Users/luan/Documents/Pessoal/Develop/Conceitos-Node/src/app.js": {"path":"/Users/luan/Documents/Pessoal/Develop/Conceitos-Node/src/app.js","statementMap":{"0":{"start":{"line":1,"column":16},"end":{"line":1,"column":34}},"1":{"start":{"line":2,"column":13},"end":{"line":2,"column":28}},"2":{"start":{"line":4,"column":17},"end":{"line":4,"column":34}},"3":{"start":{"line":6,"column":12},"end":{"line":6,"column":21}},"4":{"start":{"line":8,"column":0},"end":{"line":8,"column":24}},"5":{"start":{"line":9,"column":0},"end":{"line":9,"column":16}},"6":{"start":{"line":11,"column":21},"end":{"line":11,"column":23}},"7":{"start":{"line":17,"column":0},"end":{"line":19,"column":3}},"8":{"start":{"line":18,"column":2},"end":{"line":18,"column":37}},"9":{"start":{"line":21,"column":0},"end":{"line":27,"column":3}},"10":{"start":{"line":22,"column":32},"end":{"line":22,"column":44}},"11":{"start":{"line":24,"column":21},"end":{"line":24,"column":64}},"12":{"start":{"line":25,"column":2},"end":{"line":25,"column":32}},"13":{"start":{"line":26,"column":2},"end":{"line":26,"column":28}},"14":{"start":{"line":29,"column":0},"end":{"line":52,"column":3}},"15":{"start":{"line":30,"column":17},"end":{"line":30,"column":31}},"16":{"start":{"line":31,"column":32},"end":{"line":31,"column":44}},"17":{"start":{"line":33,"column":26},"end":{"line":35,"column":3}},"18":{"start":{"line":34,"column":20},"end":{"line":34,"column":40}},"19":{"start":{"line":37,"column":2},"end":{"line":39,"column":3}},"20":{"start":{"line":38,"column":4},"end":{"line":38,"column":70}},"21":{"start":{"line":41,"column":21},"end":{"line":47,"column":3}},"22":{"start":{"line":49,"column":2},"end":{"line":49,"column":45}},"23":{"start":{"line":51,"column":2},"end":{"line":51,"column":35}},"24":{"start":{"line":54,"column":0},"end":{"line":68,"column":3}},"25":{"start":{"line":55,"column":17},"end":{"line":55,"column":31}},"26":{"start":{"line":57,"column":26},"end":{"line":59,"column":3}},"27":{"start":{"line":58,"column":20},"end":{"line":58,"column":40}},"28":{"start":{"line":61,"column":2},"end":{"line":63,"column":3}},"29":{"start":{"line":62,"column":4},"end":{"line":62,"column":70}},"30":{"start":{"line":65,"column":2},"end":{"line":65,"column":42}},"31":{"start":{"line":67,"column":2},"end":{"line":67,"column":37}},"32":{"start":{"line":70,"column":0},"end":{"line":88,"column":3}},"33":{"start":{"line":71,"column":17},"end":{"line":71,"column":31}},"34":{"start":{"line":73,"column":26},"end":{"line":75,"column":3}},"35":{"start":{"line":74,"column":20},"end":{"line":74,"column":40}},"36":{"start":{"line":77,"column":2},"end":{"line":79,"column":3}},"37":{"start":{"line":78,"column":4},"end":{"line":78,"column":70}},"38":{"start":{"line":81,"column":24},"end":{"line":81,"column":53}},"39":{"start":{"line":83,"column":27},"end":{"line":83,"column":79}},"40":{"start":{"line":85,"column":2},"end":{"line":85,"column":51}},"41":{"start":{"line":87,"column":2},"end":{"line":87,"column":41}},"42":{"start":{"line":90,"column":0},"end":{"line":90,"column":21}}},"fnMap":{"0":{"name":"(anonymous_0)","decl":{"start":{"line":17,"column":25},"end":{"line":17,"column":26}},"loc":{"start":{"line":17,"column":48},"end":{"line":19,"column":1}},"line":17},"1":{"name":"(anonymous_1)","decl":{"start":{"line":21,"column":26},"end":{"line":21,"column":27}},"loc":{"start":{"line":21,"column":49},"end":{"line":27,"column":1}},"line":21},"2":{"name":"(anonymous_2)","decl":{"start":{"line":29,"column":29},"end":{"line":29,"column":30}},"loc":{"start":{"line":29,"column":52},"end":{"line":52,"column":1}},"line":29},"3":{"name":"(anonymous_3)","decl":{"start":{"line":34,"column":4},"end":{"line":34,"column":5}},"loc":{"start":{"line":34,"column":20},"end":{"line":34,"column":40}},"line":34},"4":{"name":"(anonymous_4)","decl":{"start":{"line":54,"column":32},"end":{"line":54,"column":33}},"loc":{"start":{"line":54,"column":55},"end":{"line":68,"column":1}},"line":54},"5":{"name":"(anonymous_5)","decl":{"start":{"line":58,"column":4},"end":{"line":58,"column":5}},"loc":{"start":{"line":58,"column":20},"end":{"line":58,"column":40}},"line":58},"6":{"name":"(anonymous_6)","decl":{"start":{"line":70,"column":35},"end":{"line":70,"column":36}},"loc":{"start":{"line":70,"column":58},"end":{"line":88,"column":1}},"line":70},"7":{"name":"(anonymous_7)","decl":{"start":{"line":74,"column":4},"end":{"line":74,"column":5}},"loc":{"start":{"line":74,"column":20},"end":{"line":74,"column":40}},"line":74}},"branchMap":{"0":{"loc":{"start":{"line":37,"column":2},"end":{"line":39,"column":3}},"type":"if","locations":[{"start":{"line":37,"column":2},"end":{"line":39,"column":3}},{"start":{"line":37,"column":2},"end":{"line":39,"column":3}}],"line":37},"1":{"loc":{"start":{"line":61,"column":2},"end":{"line":63,"column":3}},"type":"if","locations":[{"start":{"line":61,"column":2},"end":{"line":63,"column":3}},{"start":{"line":61,"column":2},"end":{"line":63,"column":3}}],"line":61},"2":{"loc":{"start":{"line":77,"column":2},"end":{"line":79,"column":3}},"type":"if","locations":[{"start":{"line":77,"column":2},"end":{"line":79,"column":3}},{"start":{"line":77,"column":2},"end":{"line":79,"column":3}}],"line":77}},"s":{"0":2,"1":2,"2":2,"3":2,"4":2,"5":2,"6":2,"7":2,"8":2,"9":2,"10":6,"11":6,"12":6,"13":6,"14":2,"15":3,"16":3,"17":3,"18":10,"19":3,"20":1,"21":2,"22":2,"23":2,"24":2,"25":2,"26":2,"27":9,"28":2,"29":1,"30":1,"31":1,"32":2,"33":3,"34":3,"35":3,"36":3,"37":1,"38":2,"39":2,"40":2,"41":2,"42":2},"f":{"0":2,"1":6,"2":3,"3":10,"4":2,"5":9,"6":3,"7":3},"b":{"0":[1,2],"1":[1,1],"2":[1,2]},"_coverageSchema":"1a1c01bbd47fc00a2c39e90264f33305004495a9","hash":"552e05e02145e792b86bed984fee25c3bebc5c59"}
}
