TN:
SF:src/app.js
FN:17,(anonymous_0)
FN:21,(anonymous_1)
FN:29,(anonymous_2)
FN:34,(anonymous_3)
FN:54,(anonymous_4)
FN:58,(anonymous_5)
FN:70,(anonymous_6)
FN:74,(anonymous_7)
FNF:8
FNH:8
FNDA:2,(anonymous_0)
FNDA:6,(anonymous_1)
FNDA:3,(anonymous_2)
FNDA:10,(anonymous_3)
FNDA:2,(anonymous_4)
FNDA:9,(anonymous_5)
FNDA:3,(anonymous_6)
FNDA:3,(anonymous_7)
DA:1,2
DA:2,2
DA:4,2
DA:6,2
DA:8,2
DA:9,2
DA:11,2
DA:17,2
DA:18,2
DA:21,2
DA:22,6
DA:24,6
DA:25,6
DA:26,6
DA:29,2
DA:30,3
DA:31,3
DA:33,3
DA:34,10
DA:37,3
DA:38,1
DA:41,2
DA:49,2
DA:51,2
DA:54,2
DA:55,2
DA:57,2
DA:58,9
DA:61,2
DA:62,1
DA:65,1
DA:67,1
DA:70,2
DA:71,3
DA:73,3
DA:74,3
DA:77,3
DA:78,1
DA:81,2
DA:83,2
DA:85,2
DA:87,2
DA:90,2
LF:43
LH:43
BRDA:37,0,0,1
BRDA:37,0,1,2
BRDA:61,1,0,1
BRDA:61,1,1,1
BRDA:77,2,0,1
BRDA:77,2,1,2
BRF:6
BRH:6
end_of_record
